-------------------------------------------------------------------------------
Test set: com.javatechie.SwiggyServiceRegistryApplicationTests
-------------------------------------------------------------------------------
Tests run: 1, Failures: 0, Errors: 1, Skipped: 0, Time elapsed: 1.779 s <<< FAILURE! - in com.javatechie.SwiggyServiceRegistryApplicationTests
com.javatechie.SwiggyServiceRegistryApplicationTests  Time elapsed: 1.771 s  <<< ERROR!
java.lang.IllegalStateException: Unable to find a @SpringBootConfiguration, you need to use @ContextConfiguration or @SpringBootTest(classes=...) with your test

